# JRE version: OpenJDK Runtime Environment (21.0.9) (build 21.0.9+-14649483-b1163.86)
# Java VM: OpenJDK 64-Bit Server VM (21.0.9+-14649483-b1163.86, mixed mode, tiered, compressed oops, compressed class ptrs, g1 gc, windows-amd64)
GC Precious Log:
 CardTable entry size: 512
 Card Set container configuration: InlinePtr #cards 5 size 8 Array Of Cards #cards 12 size 40 Howl #buckets 4 coarsen threshold 1843 Howl Bitmap #cards 512 size 80 coarsen threshold 460 Card regions per heap region 1 cards per card region 2048
 CPUs: 4 total, 4 available
 Memory: 6020M
 Large Page Support: Disabled
 NUMA Support: Disabled
 Compressed Oops: Enabled (32-bit)
 Heap Region Size: 1M
 Heap Min Capacity: 8M
 Heap Initial Capacity: 96M
 Heap Max Capacity: 2G
 Pre-touch: Disabled
 Parallel Workers: 4
 Concurrent Workers: 1
 Concurrent Refinement Workers: 4
 Periodic GC: Disabled
Heap:
 garbage-first heap   total 478208K, used 362324K [0x0000000080000000, 0x0000000100000000)
  region size 1024K, 169 young (173056K), 7 survivors (7168K)
 Metaspace       used 157411K, committed 160128K, reserved 1245184K
  class space    used 21322K, committed 23296K, reserved 1048576K
GC Heap History (20 events):
Event: 5665.487 GC heap before
{Heap before GC invocations=148 (full 0):
 garbage-first heap   total 467968K, used 348333K [0x0000000080000000, 0x0000000100000000)
  region size 1024K, 152 young (155648K), 1 survivors (1024K)
 Metaspace       used 156575K, committed 159616K, reserved 1245184K
  class space    used 21317K, committed 23296K, reserved 1048576K
}
Event: 5665.611 GC heap after
{Heap after GC invocations=149 (full 0):
 garbage-first heap   total 467968K, used 193086K [0x0000000080000000, 0x0000000100000000)
  region size 1024K, 1 young (1024K), 1 survivors (1024K)
 Metaspace       used 156575K, committed 159616K, reserved 1245184K
  class space    used 21317K, committed 23296K, reserved 1048576K
}
Event: 5795.528 GC heap before
{Heap before GC invocations=149 (full 0):
 garbage-first heap   total 467968K, used 383550K [0x0000000080000000, 0x0000000100000000)
  region size 1024K, 187 young (191488K), 1 survivors (1024K)
 Metaspace       used 156575K, committed 159616K, reserved 1245184K
  class space    used 21317K, committed 23296K, reserved 1048576K
}
Event: 5795.602 GC heap after
{Heap after GC invocations=150 (full 0):
 garbage-first heap   total 467968K, used 193070K [0x0000000080000000, 0x0000000100000000)
  region size 1024K, 1 young (1024K), 1 survivors (1024K)
 Metaspace       used 156575K, committed 159616K, reserved 1245184K
  class space    used 21317K, committed 23296K, reserved 1048576K
}
Event: 5871.569 GC heap before
{Heap before GC invocations=151 (full 0):
 garbage-first heap   total 467968K, used 367150K [0x0000000080000000, 0x0000000100000000)
  region size 1024K, 197 young (201728K), 1 survivors (1024K)
 Metaspace       used 156644K, committed 159616K, reserved 1245184K
  class space    used 21317K, committed 23296K, reserved 1048576K
}
Event: 5871.608 GC heap after
{Heap after GC invocations=152 (full 0):
 garbage-first heap   total 467968K, used 170364K [0x0000000080000000, 0x0000000100000000)
  region size 1024K, 4 young (4096K), 4 survivors (4096K)
 Metaspace       used 156644K, committed 159616K, reserved 1245184K
  class space    used 21317K, committed 23296K, reserved 1048576K
}
Event: 5880.859 GC heap before
{Heap before GC invocations=152 (full 0):
 garbage-first heap   total 467968K, used 383356K [0x0000000080000000, 0x0000000100000000)
  region size 1024K, 185 young (189440K), 4 survivors (4096K)
 Metaspace       used 156895K, committed 159744K, reserved 1245184K
  class space    used 21319K, committed 23296K, reserved 1048576K
}
Event: 5880.892 GC heap after
{Heap after GC invocations=153 (full 0):
 garbage-first heap   total 467968K, used 182656K [0x0000000080000000, 0x0000000100000000)
  region size 1024K, 18 young (18432K), 18 survivors (18432K)
 Metaspace       used 156895K, committed 159744K, reserved 1245184K
  class space    used 21319K, committed 23296K, reserved 1048576K
}
Event: 5882.480 GC heap before
{Heap before GC invocations=153 (full 0):
 garbage-first heap   total 467968K, used 292224K [0x0000000080000000, 0x0000000100000000)
  region size 1024K, 63 young (64512K), 18 survivors (18432K)
 Metaspace       used 156933K, committed 159808K, reserved 1245184K
  class space    used 21319K, committed 23296K, reserved 1048576K
}
Event: 5882.530 GC heap after
{Heap after GC invocations=154 (full 0):
 garbage-first heap   total 467968K, used 178176K [0x0000000080000000, 0x0000000100000000)
  region size 1024K, 2 young (2048K), 2 survivors (2048K)
 Metaspace       used 156933K, committed 159808K, reserved 1245184K
  class space    used 21319K, committed 23296K, reserved 1048576K
}
Event: 5996.597 GC heap before
{Heap before GC invocations=154 (full 0):
 garbage-first heap   total 467968K, used 380928K [0x0000000080000000, 0x0000000100000000)
  region size 1024K, 200 young (204800K), 2 survivors (2048K)
 Metaspace       used 156942K, committed 159808K, reserved 1245184K
  class space    used 21319K, committed 23296K, reserved 1048576K
}
Event: 5996.601 GC heap after
{Heap after GC invocations=155 (full 0):
 garbage-first heap   total 467968K, used 176269K [0x0000000080000000, 0x0000000100000000)
  region size 1024K, 1 young (1024K), 1 survivors (1024K)
 Metaspace       used 156942K, committed 159808K, reserved 1245184K
  class space    used 21319K, committed 23296K, reserved 1048576K
}
Event: 6030.522 GC heap before
{Heap before GC invocations=155 (full 0):
 garbage-first heap   total 467968K, used 412813K [0x0000000080000000, 0x0000000100000000)
  region size 1024K, 230 young (235520K), 1 survivors (1024K)
 Metaspace       used 157262K, committed 160000K, reserved 1245184K
  class space    used 21321K, committed 23296K, reserved 1048576K
}
Event: 6030.613 GC heap after
{Heap after GC invocations=156 (full 0):
 garbage-first heap   total 467968K, used 205674K [0x0000000080000000, 0x0000000100000000)
  region size 1024K, 29 young (29696K), 29 survivors (29696K)
 Metaspace       used 157262K, committed 160000K, reserved 1245184K
  class space    used 21321K, committed 23296K, reserved 1048576K
}
Event: 6030.782 GC heap before
{Heap before GC invocations=156 (full 0):
 garbage-first heap   total 467968K, used 221034K [0x0000000080000000, 0x0000000100000000)
  region size 1024K, 44 young (45056K), 29 survivors (29696K)
 Metaspace       used 157273K, committed 160000K, reserved 1245184K
  class space    used 21321K, committed 23296K, reserved 1048576K
}
Event: 6030.843 GC heap after
{Heap after GC invocations=157 (full 0):
 garbage-first heap   total 467968K, used 209408K [0x0000000080000000, 0x0000000100000000)
  region size 1024K, 5 young (5120K), 5 survivors (5120K)
 Metaspace       used 157273K, committed 160000K, reserved 1245184K
  class space    used 21321K, committed 23296K, reserved 1048576K
}
Event: 6065.487 GC heap before
{Heap before GC invocations=157 (full 0):
 garbage-first heap   total 467968K, used 466432K [0x0000000080000000, 0x0000000100000000)
  region size 1024K, 169 young (173056K), 5 survivors (5120K)
 Metaspace       used 157362K, committed 160128K, reserved 1245184K
  class space    used 21321K, committed 23296K, reserved 1048576K
}
Event: 6065.526 GC heap after
{Heap after GC invocations=158 (full 0):
 garbage-first heap   total 478208K, used 209920K [0x0000000080000000, 0x0000000100000000)
  region size 1024K, 7 young (7168K), 7 survivors (7168K)
 Metaspace       used 157362K, committed 160128K, reserved 1245184K
  class space    used 21321K, committed 23296K, reserved 1048576K
}
Event: 6175.465 GC heap before
{Heap before GC invocations=158 (full 0):
 garbage-first heap   total 478208K, used 369664K [0x0000000080000000, 0x0000000100000000)
  region size 1024K, 163 young (166912K), 7 survivors (7168K)
 Metaspace       used 157366K, committed 160128K, reserved 1245184K
  class space    used 21321K, committed 23296K, reserved 1048576K
}
Event: 6175.510 GC heap after
{Heap after GC invocations=159 (full 0):
 garbage-first heap   total 478208K, used 209748K [0x0000000080000000, 0x0000000100000000)
  region size 1024K, 7 young (7168K), 7 survivors (7168K)
 Metaspace       used 157366K, committed 160128K, reserved 1245184K
  class space    used 21321K, committed 23296K, reserved 1048576K
}

